<?xml version="1.0" encoding="UTF-8"?>
<!-- Generated by org.testng.reporters.JUnitXMLReporter -->
<testsuite ignored="0" hostname="DESKTOP-HFUMKQI" failures="0" tests="3" name="Test" time="21.422" errors="0" timestamp="2022-07-22T19:38:38 IST">
  <testcase classname="TestClasses.VerifyUserCanLogIn" name="verifyUserCanLogin" time="3.673"/>
  <testcase classname="TestClasses.VerifyUserCanAddNewAddress" name="verifyUserCanGoToProfilePage" time="2.592"/>
  <testcase classname="TestClasses.VerifyUserCanAddNewAddress" name="veryUserCanAddAddress" time="4.3"/>
</testsuite> <!-- Test -->
