<?xml version="1.0" encoding="UTF-8"?>
<testng-results ignored="0" total="3" passed="3" failed="0" skipped="0">
  <reporter-output>
  </reporter-output>
  <suite started-at="2022-07-22T19:38:17 IST" name="Suite" finished-at="2022-07-22T19:38:38 IST" duration-ms="21422">
    <groups>
    </groups>
    <test started-at="2022-07-22T19:38:17 IST" name="Test" finished-at="2022-07-22T19:38:38 IST" duration-ms="21422">
      <class name="TestClasses.VerifyUserCanLogIn">
        <test-method is-config="true" signature="beforeClass()[pri:0, instance:TestClasses.VerifyUserCanLogIn@5c6648b0]" started-at="2022-07-22T19:38:17 IST" name="beforeClass" finished-at="2022-07-22T19:38:26 IST" duration-ms="9538" status="PASS">
          <reporter-output>
          </reporter-output>
        </test-method> <!-- beforeClass -->
        <test-method is-config="true" signature="beforeMethod()[pri:0, instance:TestClasses.VerifyUserCanLogIn@5c6648b0]" started-at="2022-07-22T19:38:27 IST" name="beforeMethod" finished-at="2022-07-22T19:38:27 IST" duration-ms="91" status="PASS">
          <reporter-output>
          </reporter-output>
        </test-method> <!-- beforeMethod -->
        <test-method signature="verifyUserCanLogin()[pri:0, instance:TestClasses.VerifyUserCanLogIn@5c6648b0]" started-at="2022-07-22T19:38:27 IST" name="verifyUserCanLogin" finished-at="2022-07-22T19:38:30 IST" duration-ms="3673" status="PASS">
          <reporter-output>
          </reporter-output>
        </test-method> <!-- verifyUserCanLogin -->
        <test-method is-config="true" signature="afterMethod(org.testng.ITestResult)[pri:0, instance:TestClasses.VerifyUserCanLogIn@5c6648b0]" started-at="2022-07-22T19:38:30 IST" name="afterMethod" finished-at="2022-07-22T19:38:30 IST" duration-ms="28" status="PASS">
          <params>
            <param index="0">
              <value>
                <![CDATA[[TestResult name=verifyUserCanLogin status=SUCCESS method=VerifyUserCanLogIn.verifyUserCanLogin()[pri:0, instance:TestClasses.VerifyUserCanLogIn@5c6648b0] output={null}]]]>
              </value>
            </param>
          </params>
          <reporter-output>
          </reporter-output>
        </test-method> <!-- afterMethod -->
        <test-method is-config="true" signature="afterClass()[pri:0, instance:TestClasses.VerifyUserCanLogIn@5c6648b0]" started-at="2022-07-22T19:38:30 IST" name="afterClass" finished-at="2022-07-22T19:38:31 IST" duration-ms="892" status="PASS">
          <reporter-output>
          </reporter-output>
        </test-method> <!-- afterClass -->
      </class> <!-- TestClasses.VerifyUserCanLogIn -->
      <class name="TestClasses.VerifyUserCanAddNewAddress">
        <test-method is-config="true" signature="beforeClass()[pri:0, instance:TestClasses.VerifyUserCanAddNewAddress@7b2bbc3]" started-at="2022-07-22T19:38:31 IST" name="beforeClass" finished-at="2022-07-22T19:38:31 IST" duration-ms="0" status="PASS">
          <reporter-output>
          </reporter-output>
        </test-method> <!-- beforeClass -->
        <test-method signature="verifyUserCanGoToProfilePage()[pri:0, instance:TestClasses.VerifyUserCanAddNewAddress@7b2bbc3]" started-at="2022-07-22T19:38:31 IST" name="verifyUserCanGoToProfilePage" finished-at="2022-07-22T19:38:34 IST" duration-ms="2592" status="PASS">
          <reporter-output>
          </reporter-output>
        </test-method> <!-- verifyUserCanGoToProfilePage -->
        <test-method is-config="true" signature="beforeMethod()[pri:0, instance:TestClasses.VerifyUserCanAddNewAddress@7b2bbc3]" started-at="2022-07-22T19:38:31 IST" name="beforeMethod" finished-at="2022-07-22T19:38:31 IST" duration-ms="0" status="PASS">
          <reporter-output>
          </reporter-output>
        </test-method> <!-- beforeMethod -->
        <test-method is-config="true" signature="afterMethod(org.testng.ITestResult)[pri:0, instance:TestClasses.VerifyUserCanAddNewAddress@7b2bbc3]" started-at="2022-07-22T19:38:34 IST" name="afterMethod" finished-at="2022-07-22T19:38:34 IST" duration-ms="0" status="PASS">
          <params>
            <param index="0">
              <value>
                <![CDATA[[TestResult name=verifyUserCanGoToProfilePage status=SUCCESS method=VerifyUserCanAddNewAddress.verifyUserCanGoToProfilePage()[pri:0, instance:TestClasses.VerifyUserCanAddNewAddress@7b2bbc3] output={null}]]]>
              </value>
            </param>
          </params>
          <reporter-output>
          </reporter-output>
        </test-method> <!-- afterMethod -->
        <test-method is-config="true" signature="beforeMethod()[pri:0, instance:TestClasses.VerifyUserCanAddNewAddress@7b2bbc3]" started-at="2022-07-22T19:38:34 IST" name="beforeMethod" finished-at="2022-07-22T19:38:34 IST" duration-ms="8" status="PASS">
          <reporter-output>
          </reporter-output>
        </test-method> <!-- beforeMethod -->
        <test-method signature="veryUserCanAddAddress()[pri:1, instance:TestClasses.VerifyUserCanAddNewAddress@7b2bbc3]" started-at="2022-07-22T19:38:34 IST" name="veryUserCanAddAddress" finished-at="2022-07-22T19:38:38 IST" duration-ms="4300" status="PASS">
          <reporter-output>
          </reporter-output>
        </test-method> <!-- veryUserCanAddAddress -->
        <test-method is-config="true" signature="afterMethod(org.testng.ITestResult)[pri:0, instance:TestClasses.VerifyUserCanAddNewAddress@7b2bbc3]" started-at="2022-07-22T19:38:38 IST" name="afterMethod" finished-at="2022-07-22T19:38:38 IST" duration-ms="1" status="PASS">
          <params>
            <param index="0">
              <value>
                <![CDATA[[TestResult name=veryUserCanAddAddress status=SUCCESS method=VerifyUserCanAddNewAddress.veryUserCanAddAddress()[pri:1, instance:TestClasses.VerifyUserCanAddNewAddress@7b2bbc3] output={null}]]]>
              </value>
            </param>
          </params>
          <reporter-output>
          </reporter-output>
        </test-method> <!-- afterMethod -->
        <test-method is-config="true" signature="afterClass()[pri:0, instance:TestClasses.VerifyUserCanAddNewAddress@7b2bbc3]" started-at="2022-07-22T19:38:38 IST" name="afterClass" finished-at="2022-07-22T19:38:38 IST" duration-ms="108" status="PASS">
          <reporter-output>
          </reporter-output>
        </test-method> <!-- afterClass -->
      </class> <!-- TestClasses.VerifyUserCanAddNewAddress -->
    </test> <!-- Test -->
  </suite> <!-- Suite -->
</testng-results>
